<?xml version="1.0" encoding="UTF-8"?>
<testsuite name="utest" tests="1" skipped="1" failures="0" errors="0" timestamp="2022-02-22T04:52:17" hostname="LENOVO_FRIDAY" time="0.034">
  <properties/>
  <testcase name="create a new user" classname="utest" time="0.034">
    <skipped/>
  </testcase>
  <system-out><![CDATA[]]></system-out>
  <system-err><![CDATA[[Test worker] WARN net.thucydides.core.steps.BaseStepListener - stepStarted: net.thucydides.core.steps.ExecutedStepDescription@1399b989
[Test worker] INFO net.thucydides.core.steps.ConsoleLoggingListener - TEST PENDING
[Test worker] WARN net.thucydides.core.steps.BaseStepListener - stepStarted: net.thucydides.core.steps.ExecutedStepDescription@24b3ac0c
[Test worker] WARN net.thucydides.core.steps.BaseStepListener - stepStarted: net.thucydides.core.steps.ExecutedStepDescription@6fa0444f
[Test worker] WARN net.thucydides.core.steps.BaseStepListener - testFinished: create a new user:Given than brandon create a new user with his info, When he search a form to register data, Then create a new user
[Test worker] WARN net.thucydides.core.steps.BaseStepListener - TestOutcomes: [create a new user:Given than brandon create a new user with his info, When he search a form to register data, Then create a new user]
[Test worker] WARN net.thucydides.core.steps.BaseStepListener - Final testOutcomes: [create a new user:Given than brandon create a new user with his info, When he search a form to register data, Then create a new user]
[Test worker] INFO net.thucydides.core.steps.ConsoleLoggingListener - 
          __  _____ _____ ____ _____   ____  _____ _   _ ____ ___ _   _  ____ 
 _       / / |_   _| ____/ ___|_   _| |  _ \| ____| \ | |  _ \_ _| \ | |/ ___|
(_)____ / /    | | |  _| \___ \ | |   | |_) |  _| |  \| | | | | ||  \| | |  _ 
 |_____/ /     | | | |___ ___) || |   |  __/| |___| |\  | |_| | || |\  | |_| |
(_)   /_/      |_| |_____|____/ |_|   |_|   |_____|_| \_|____/___|_| \_|\____|
                                                                                

TEST PENDING: create a new user
---------------------------------------------------------------------------------
]]></system-err>
</testsuite>
